<?xml version="1.0" encoding="UTF-8"?>
<!-- Generated by org.testng.reporters.JUnitReportReporter -->
<testsuite hostname="MININT-86R5IFB" failures="0" tests="1" name="com.qa.testcases.LoginTest" time="6.100" errors="0" timestamp="2 Apr 2025 19:46:06 GMT">
  <testcase classname="com.qa.testcases.LoginTest" name="loginWithValidCredentials" time="6.100"/>
</testsuite> <!-- com.qa.testcases.LoginTest -->
